<?xml version="1.0" encoding="UTF-8"?>
<testng-results ignored="0" total="2" passed="2" failed="0" skipped="0">
  <reporter-output>
  </reporter-output>
  <suite started-at="2025-01-26T15:20:03 IST" name="Surefire suite" finished-at="2025-01-26T15:20:42 IST" duration-ms="38453">
    <groups>
    </groups>
    <test started-at="2025-01-26T15:20:03 IST" name="Surefire test" finished-at="2025-01-26T15:20:42 IST" duration-ms="38453">
      <class name="Tests.TestPositiveandNegative">
        <test-method is-config="true" signature="configureAppium()[pri:0, instance:Tests.TestPositiveandNegative@736caf7a]" started-at="2025-01-26T15:20:03 IST" name="configureAppium" finished-at="2025-01-26T15:20:18 IST" duration-ms="14315" status="PASS">
          <reporter-output>
          </reporter-output>
        </test-method> <!-- configureAppium -->
        <test-method is-config="true" signature="preSetup()[pri:0, instance:Tests.TestPositiveandNegative@736caf7a]" started-at="2025-01-26T15:20:18 IST" name="preSetup" finished-at="2025-01-26T15:20:18 IST" duration-ms="126" status="PASS">
          <reporter-output>
          </reporter-output>
        </test-method> <!-- preSetup -->
        <test-method signature="FillForm_ErrorValidation()[pri:0, instance:Tests.TestPositiveandNegative@736caf7a]" started-at="2025-01-26T15:20:18 IST" name="FillForm_ErrorValidation" finished-at="2025-01-26T15:20:27 IST" duration-ms="8993" status="PASS">
          <reporter-output>
          </reporter-output>
        </test-method> <!-- FillForm_ErrorValidation -->
        <test-method is-config="true" signature="preSetup()[pri:0, instance:Tests.TestPositiveandNegative@736caf7a]" started-at="2025-01-26T15:20:27 IST" name="preSetup" finished-at="2025-01-26T15:20:27 IST" duration-ms="98" status="PASS">
          <reporter-output>
          </reporter-output>
        </test-method> <!-- preSetup -->
        <test-method signature="FillForm_PositiveFlow()[pri:0, instance:Tests.TestPositiveandNegative@736caf7a]" started-at="2025-01-26T15:20:27 IST" name="FillForm_PositiveFlow" finished-at="2025-01-26T15:20:41 IST" duration-ms="14169" status="PASS">
          <reporter-output>
          </reporter-output>
        </test-method> <!-- FillForm_PositiveFlow -->
        <test-method is-config="true" signature="tearDown()[pri:0, instance:Tests.TestPositiveandNegative@736caf7a]" started-at="2025-01-26T15:20:41 IST" name="tearDown" finished-at="2025-01-26T15:20:42 IST" duration-ms="698" status="PASS">
          <reporter-output>
          </reporter-output>
        </test-method> <!-- tearDown -->
      </class> <!-- Tests.TestPositiveandNegative -->
    </test> <!-- Surefire test -->
  </suite> <!-- Surefire suite -->
</testng-results>
