<?xml version="1.0" encoding="UTF-8"?>
<testng-results ignored="0" total="2" passed="2" failed="0" skipped="0">
  <reporter-output>
  </reporter-output>
  <suite started-at="2025-01-26T13:57:05 IST" name="Default suite" finished-at="2025-01-26T13:57:27 IST" duration-ms="22499">
    <groups>
    </groups>
    <test started-at="2025-01-26T13:57:05 IST" name="Default test" finished-at="2025-01-26T13:57:27 IST" duration-ms="22499">
      <class name="Tests.eCommerce_sumOfProducts_Dataprovider">
        <test-method is-config="true" signature="configureAppium()[pri:0, instance:Tests.eCommerce_sumOfProducts_Dataprovider@34f7234e]" started-at="2025-01-26T13:57:05 IST" name="configureAppium" finished-at="2025-01-26T13:57:13 IST" duration-ms="8232" status="PASS">
          <reporter-output>
          </reporter-output>
        </test-method> <!-- configureAppium -->
        <test-method is-config="true" signature="preSetup()[pri:0, instance:Tests.eCommerce_sumOfProducts_Dataprovider@34f7234e]" started-at="2025-01-26T13:57:13 IST" name="preSetup" finished-at="2025-01-26T13:57:13 IST" duration-ms="62" status="PASS">
          <reporter-output>
          </reporter-output>
        </test-method> <!-- preSetup -->
        <test-method signature="SumofProductsInCart(java.lang.String,java.lang.String,java.lang.String)[pri:0, instance:Tests.eCommerce_sumOfProducts_Dataprovider@34f7234e]" started-at="2025-01-26T13:57:13 IST" name="SumofProductsInCart" data-provider="getData" finished-at="2025-01-26T13:57:23 IST" duration-ms="10105" status="PASS">
          <params>
            <param index="0">
              <value>
                <![CDATA[rahul shetty]]>
              </value>
            </param>
            <param index="1">
              <value>
                <![CDATA[female]]>
              </value>
            </param>
            <param index="2">
              <value>
                <![CDATA[Argentina]]>
              </value>
            </param>
          </params>
          <reporter-output>
          </reporter-output>
        </test-method> <!-- SumofProductsInCart -->
        <test-method is-config="true" signature="preSetup()[pri:0, instance:Tests.eCommerce_sumOfProducts_Dataprovider@34f7234e]" started-at="2025-01-26T13:57:23 IST" name="preSetup" finished-at="2025-01-26T13:57:23 IST" duration-ms="103" status="PASS">
          <reporter-output>
          </reporter-output>
        </test-method> <!-- preSetup -->
        <test-method signature="SumofProductsInCart(java.lang.String,java.lang.String,java.lang.String)[pri:0, instance:Tests.eCommerce_sumOfProducts_Dataprovider@34f7234e]" started-at="2025-01-26T13:57:23 IST" name="SumofProductsInCart" data-provider="getData" finished-at="2025-01-26T13:57:27 IST" duration-ms="3486" status="PASS">
          <params>
            <param index="0">
              <value>
                <![CDATA[shetty MR]]>
              </value>
            </param>
            <param index="1">
              <value>
                <![CDATA[male]]>
              </value>
            </param>
            <param index="2">
              <value>
                <![CDATA[Argentina]]>
              </value>
            </param>
          </params>
          <reporter-output>
          </reporter-output>
        </test-method> <!-- SumofProductsInCart -->
        <test-method is-config="true" signature="tearDown()[pri:0, instance:Tests.eCommerce_sumOfProducts_Dataprovider@34f7234e]" started-at="2025-01-26T13:57:27 IST" name="tearDown" finished-at="2025-01-26T13:57:27 IST" duration-ms="463" status="PASS">
          <reporter-output>
          </reporter-output>
        </test-method> <!-- tearDown -->
      </class> <!-- Tests.eCommerce_sumOfProducts_Dataprovider -->
    </test> <!-- Default test -->
  </suite> <!-- Default suite -->
</testng-results>
