<?xml version="1.0" encoding="UTF-8"?>
<testng-results ignored="0" total="1" passed="1" failed="0" skipped="0">
  <reporter-output>
  </reporter-output>
  <suite started-at="2025-01-10T23:00:49 IST" name="Default suite" finished-at="2025-01-10T23:01:22 IST" duration-ms="32852">
    <groups>
    </groups>
    <test started-at="2025-01-10T23:00:49 IST" name="Default test" finished-at="2025-01-10T23:01:22 IST" duration-ms="32852">
      <class name="Training.eCommerece_ScrollAndAddToCart">
        <test-method is-config="true" signature="configureAppium()[pri:0, instance:Training.eCommerece_ScrollAndAddToCart@179ece50]" started-at="2025-01-10T23:00:49 IST" name="configureAppium" finished-at="2025-01-10T23:01:01 IST" duration-ms="12201" status="PASS">
          <reporter-output>
          </reporter-output>
        </test-method> <!-- configureAppium -->
        <test-method signature="ScrollAndAddToCart()[pri:0, instance:Training.eCommerece_ScrollAndAddToCart@179ece50]" started-at="2025-01-10T23:01:01 IST" name="ScrollAndAddToCart" finished-at="2025-01-10T23:01:21 IST" duration-ms="20036" status="PASS">
          <reporter-output>
          </reporter-output>
        </test-method> <!-- ScrollAndAddToCart -->
        <test-method is-config="true" signature="tearDown()[pri:0, instance:Training.eCommerece_ScrollAndAddToCart@179ece50]" started-at="2025-01-10T23:01:21 IST" name="tearDown" finished-at="2025-01-10T23:01:22 IST" duration-ms="531" status="PASS">
          <reporter-output>
          </reporter-output>
        </test-method> <!-- tearDown -->
      </class> <!-- Training.eCommerece_ScrollAndAddToCart -->
    </test> <!-- Default test -->
  </suite> <!-- Default suite -->
</testng-results>
